-------------------------------------------------------------------------------
Test set: com.mercadona.shopone.MercadonaShopOneTest
-------------------------------------------------------------------------------
Tests run: 1, Failures: 1, Errors: 0, Skipped: 0, Time elapsed: 0.031 s <<< FAILURE! - in com.mercadona.shopone.MercadonaShopOneTest
itemGenericNotExpired  Time elapsed: 0.028 s  <<< FAILURE!
org.opentest4j.AssertionFailedError: expected: <yogurt> but was: <2>
	at com.mercadona.shopone.MercadonaShopOneTest.itemGenericNotExpired(MercadonaShopOneTest.java:15)

